This is pdfTeX, Version 3.1415926-2.5-1.40.14 (MiKTeX 2.9) (preloaded format=pdflatex 2014.8.5)  9 NOV 2014 18:33
entering extended mode
**tac2014.tex
(C:\Users\jaidka\Documents\GitHub\scisumm-corpus\workshop_paper\tac2014.tex
LaTeX2e <2011/06/27>
Babel <v3.8m> and hyphenation patterns for english, afrikaans, ancientgreek, arabic, armenian, assamese, basque, bengali
, bokmal, bulgarian, catalan, coptic, croatian, czech, danish, dutch, esperanto, estonian, farsi, finnish, french, galic
ian, german, german-x-2013-05-26, greek, gujarati, hindi, hungarian, icelandic, indonesian, interlingua, irish, italian,
 kannada, kurmanji, latin, latvian, lithuanian, malayalam, marathi, mongolian, mongolianlmc, monogreek, ngerman, ngerman
-x-2013-05-26, nynorsk, oriya, panjabi, pinyin, polish, portuguese, romanian, russian, sanskrit, serbian, slovak, sloven
ian, spanish, swedish, swissgerman, tamil, telugu, turkish, turkmen, ukenglish, ukrainian, uppersorbian, usenglishmax, w
elsh, loaded.
("C:\Program Files (x86)\MiKTeX 2.9\tex\latex\base\article.cls"
Document Class: article 2007/10/19 v1.4h Standard LaTeX document class
("C:\Program Files (x86)\MiKTeX 2.9\tex\latex\base\size11.clo"
File: size11.clo 2007/10/19 v1.4h Standard LaTeX file (size option)
)
\c@part=\count79
\c@section=\count80
\c@subsection=\count81
\c@subsubsection=\count82
\c@paragraph=\count83
\c@subparagraph=\count84
\c@figure=\count85
\c@table=\count86
\abovecaptionskip=\skip41
\belowcaptionskip=\skip42
\bibindent=\dimen102
)
(C:\Users\jaidka\Documents\GitHub\scisumm-corpus\workshop_paper\tac2014.sty
Conference Style for ACL 2005 -- released Octobe 11, 2004
\titlebox=\skip43
) ("C:\Program Files (x86)\MiKTeX 2.9\tex\latex\psnfss\times.sty"
Package: times 2005/04/12 PSNFSS-v9.2a (SPQR) 
)
("C:\Program Files (x86)\MiKTeX 2.9\tex\latex\base\latexsym.sty"
Package: latexsym 1998/08/17 v2.2e Standard LaTeX package (lasy symbols)
\symlasy=\mathgroup4
LaTeX Font Info:    Overwriting symbol font `lasy' in version `bold'
(Font)                  U/lasy/m/n --> U/lasy/b/n on input line 47.
)
("C:\Program Files (x86)\MiKTeX 2.9\tex\latex\amsmath\amsmath.sty"
Package: amsmath 2013/01/14 v2.14 AMS math features
\@mathmargin=\skip44

For additional information on amsmath, use the `?' option.
("C:\Program Files (x86)\MiKTeX 2.9\tex\latex\amsmath\amstext.sty"
Package: amstext 2000/06/29 v2.01

("C:\Program Files (x86)\MiKTeX 2.9\tex\latex\amsmath\amsgen.sty"
File: amsgen.sty 1999/11/30 v2.0
\@emptytoks=\toks14
\ex@=\dimen103
))
("C:\Program Files (x86)\MiKTeX 2.9\tex\latex\amsmath\amsbsy.sty"
Package: amsbsy 1999/11/29 v1.2d
\pmbraise@=\dimen104
)
("C:\Program Files (x86)\MiKTeX 2.9\tex\latex\amsmath\amsopn.sty"
Package: amsopn 1999/12/14 v2.01 operator names
)
\inf@bad=\count87
LaTeX Info: Redefining \frac on input line 210.
\uproot@=\count88
\leftroot@=\count89
LaTeX Info: Redefining \overline on input line 306.
\classnum@=\count90
\DOTSCASE@=\count91
LaTeX Info: Redefining \ldots on input line 378.
LaTeX Info: Redefining \dots on input line 381.
LaTeX Info: Redefining \cdots on input line 466.
\Mathstrutbox@=\box26
\strutbox@=\box27
\big@size=\dimen105
LaTeX Font Info:    Redeclaring font encoding OML on input line 566.
LaTeX Font Info:    Redeclaring font encoding OMS on input line 567.
\macc@depth=\count92
\c@MaxMatrixCols=\count93
\dotsspace@=\muskip10
\c@parentequation=\count94
\dspbrk@lvl=\count95
\tag@help=\toks15
\row@=\count96
\column@=\count97
\maxfields@=\count98
\andhelp@=\toks16
\eqnshift@=\dimen106
\alignsep@=\dimen107
\tagshift@=\dimen108
\tagwidth@=\dimen109
\totwidth@=\dimen110
\lineht@=\dimen111
\@envbody=\toks17
\multlinegap=\skip45
\multlinetaggap=\skip46
\mathdisplay@stack=\toks18
LaTeX Info: Redefining \[ on input line 2665.
LaTeX Info: Redefining \] on input line 2666.
)
("C:\Program Files (x86)\MiKTeX 2.9\tex\latex\multirow\multirow.sty"
\bigstrutjot=\dimen112
)
("C:\Program Files (x86)\MiKTeX 2.9\tex\latex\url\url.sty"
\Urlmuskip=\muskip11
Package: url 2013/09/16  ver 3.4  Verb mode for urls, etc.
)
(C:\Users\jaidka\Documents\GitHub\scisumm-corpus\workshop_paper\tac2014.aux)
LaTeX Font Info:    Checking defaults for OML/cmm/m/it on input line 93.
LaTeX Font Info:    ... okay on input line 93.
LaTeX Font Info:    Checking defaults for T1/cmr/m/n on input line 93.
LaTeX Font Info:    ... okay on input line 93.
LaTeX Font Info:    Checking defaults for OT1/cmr/m/n on input line 93.
LaTeX Font Info:    ... okay on input line 93.
LaTeX Font Info:    Checking defaults for OMS/cmsy/m/n on input line 93.
LaTeX Font Info:    ... okay on input line 93.
LaTeX Font Info:    Checking defaults for OMX/cmex/m/n on input line 93.
LaTeX Font Info:    ... okay on input line 93.
LaTeX Font Info:    Checking defaults for U/cmr/m/n on input line 93.
LaTeX Font Info:    ... okay on input line 93.
LaTeX Font Info:    Try loading font information for OT1+ptm on input line 93.

("C:\Program Files (x86)\MiKTeX 2.9\tex\latex\psnfss\ot1ptm.fd"
File: ot1ptm.fd 2001/06/04 font definitions for OT1/ptm.
)
LaTeX Font Info:    Font shape `OT1/ptm/bx/n' in size <14.4> not available
(Font)              Font shape `OT1/ptm/b/n' tried instead on input line 94.
LaTeX Font Info:    Try loading font information for U+lasy on input line 94.

("C:\Program Files (x86)\MiKTeX 2.9\tex\latex\base\ulasy.fd"
File: ulasy.fd 1998/08/17 v2.2e LaTeX symbol font definitions
)
LaTeX Font Info:    Font shape `OT1/ptm/bx/n' in size <12> not available
(Font)              Font shape `OT1/ptm/b/n' tried instead on input line 94.

! Missing { inserted.
<to be read again> 
                   \let 
l.94 \maketitle
               
A left brace was mandatory here, so I've put one in.
You might want to delete and/or insert some corrections
so that I will find a matching right brace soon.
(If you're confused by all this, try typing `I}' now.)

! Missing } inserted.
<inserted text> 
                }
l.94 \maketitle
               
I've inserted something that you may have forgotten.
(See the <inserted text> above.)
With luck, this will get me unwedged. But if you
really didn't forget anything, try typing `2' now; then
my insertion and my current dilemma will both disappear.

[1{C:/ProgramData/MiKTeX/2.9/pdftex/config/pdftex.map}




]
Underfull \vbox (badness 2547) has occurred while \output is active []

 [2]
Underfull \hbox (badness 2057) in paragraph at lines 265--266
[]\OT1/ptm/m/n/10.95 Taln.UPF, from Uni-ver-si-tat Pom-peu Fabra,
 []

[3]
Missing character: There is no Ä in font ptmr7t!
Missing character: There is no Ÿ in font ptmr7t!
Missing character: There is no Ã in font ptmr7t!
Missing character: There is no § in font ptmr7t!

Underfull \hbox (badness 5847) in paragraph at lines 269--270
[]\OT1/ptm/m/n/10.95 TabiBoun14, from the Boazii Uni-ver-sity,
 []


Underfull \hbox (badness 1019) in paragraph at lines 270--271
[]\OT1/ptm/m/n/10.95 PolyAF, from The Hong Kong Poly-tech-nic
 []

LaTeX Font Info:    Try loading font information for OMS+ptm on input line 286.
("C:\Program Files (x86)\MiKTeX 2.9\tex\latex\psnfss\omsptm.fd"
File: omsptm.fd 
)
LaTeX Font Info:    Font shape `OMS/ptm/m/n' in size <10.95> not available
(Font)              Font shape `OMS/cmsy/m/n' tried instead on input line 286.
LaTeX Font Info:    Font shape `OT1/ptm/bx/n' in size <10.95> not available
(Font)              Font shape `OT1/ptm/b/n' tried instead on input line 297.
LaTeX Font Info:    Font shape `OT1/ptm/bx/it' in size <10.95> not available
(Font)              Font shape `OT1/ptm/b/it' tried instead on input line 297.
 [4] [5]
Missing character: There is no â in font ptmb7t!
Missing character: There is no € in font ptmb7t!
Missing character: There is no ™ in font ptmb7t!

Underfull \hbox (badness 1028) in paragraph at lines 426--427
[]\OT1/ptm/m/n/10.95 Tokenizer and POS tag-ger:Using the open-
 []


Underfull \hbox (badness 1997) in paragraph at lines 429--434
[]\OT1/ptm/m/n/10.95 Document struc-tural an-a-lyzer: To clas-sify
 []


Underfull \hbox (badness 1616) in paragraph at lines 429--434
\OT1/ptm/m/n/10.95 each sen-tence as be-long-ing to one of the
 []


Underfull \hbox (badness 10000) in paragraph at lines 429--434
\OT1/ptm/m/n/10.95 fol-low-ing doc-u-ment struc-tural cat-e-gories:
 []


Underfull \hbox (badness 10000) in paragraph at lines 429--434
\OT1/ptm/m/n/10.95 Ab-stract, In-tro-duc-tion, Re-sult[]Discussion,
 []


Underfull \hbox (badness 1783) in paragraph at lines 429--434
\OT1/ptm/m/n/10.95 Ex-per-i-men-tal[]Procedure, Sup-ple-men-tal[]Data,
 []


Underfull \hbox (badness 2970) in paragraph at lines 448--452
[]\OT1/ptm/m/n/10.95 Citances were char-ac-ter-ized by the doc-u-
 []

[6]
Underfull \hbox (badness 1735) in paragraph at lines 571--572
[]\OT1/ptm/m/it/10.95 We de-scribe a sta-tis-ti-cal ap-proach for mod-
 []


Underfull \hbox (badness 5260) in paragraph at lines 571--572
\OT1/ptm/m/it/10.95 el-ing di-a-logue acts in con-ver-sa-tional speech,
 []


Underfull \hbox (badness 8189) in paragraph at lines 571--572
\OT1/ptm/m/it/10.95 i.e., speech- act-like units such as STATE-
 []


Underfull \hbox (badness 3058) in paragraph at lines 571--572
\OT1/ptm/m/it/10.95 MENT, QUES-TION, BACKCHAN-NEL, AGREE-
 []


Underfull \hbox (badness 1048) in paragraph at lines 573--575
\OT1/ptm/m/it/10.95 and AGREE-MENTS (see Ta-ble 2), which share
 []

[7]
Underfull \vbox (badness 10000) has occurred while \output is active []

 [8] [9]
Underfull \hbox (badness 2359) in paragraph at lines 701--703
[]\OT1/ptm/m/n/10.95 Citing text: ``use the BNC to build a co-
 []


Underfull \hbox (badness 3547) in paragraph at lines 701--703
\OT1/ptm/m/n/10.95 occurrence graph for nouns, based on a co-
 []


Underfull \hbox (badness 3601) in paragraph at lines 706--709
[]\OT1/ptm/m/n/10.95 ``Following the method in (Wid-dows and
 []

[10] [11] (C:\Users\jaidka\Documents\GitHub\scisumm-corpus\workshop_paper\tac2014.bbl
LaTeX Font Info:    Font shape `OMS/ptm/m/n' in size <10> not available
(Font)              Font shape `OMS/cmsy/m/n' tried instead on input line 80.

Underfull \hbox (badness 1308) in paragraph at lines 84--91
\OT1/ptm/m/n/10 Has-san, Pradeep Muthukr-is-han, Va-hed Qazvinian,
 []


Underfull \hbox (badness 1077) in paragraph at lines 94--98
[]\OT1/ptm/m/n/10 Diego Moll[]a, Christo-pher Jones, and Abeed Sarker.
 []

) [12] (C:\Users\jaidka\Documents\GitHub\scisumm-corpus\workshop_paper\tac2014.aux) ) 
Here is how much of TeX's memory you used:
 1103 strings out of 493921
 13924 string characters out of 3144874
 77237 words of memory out of 3000000
 4402 multiletter control sequences out of 15000+200000
 30082 words of font info for 66 fonts, out of 3000000 for 9000
 841 hyphenation exceptions out of 8191
 27i,14n,20p,1060b,283s stack positions out of 5000i,500n,10000p,200000b,50000s
{C:/Program Files (x86)/MiKTeX 2.9/
fonts/enc/dvips/fontname/8r.enc}<C:/Program Files (x86)/MiKTeX 2.9/fonts/type1/public/amsfonts/cm/cmex10.pfb><C:/Program
 Files (x86)/MiKTeX 2.9/fonts/type1/public/amsfonts/cm/cmmi10.pfb><C:/Program Files (x86)/MiKTeX 2.9/fonts/type1/public/
amsfonts/cm/cmmi6.pfb><C:/Program Files (x86)/MiKTeX 2.9/fonts/type1/public/amsfonts/cm/cmmi8.pfb><C:/Program Files (x86
)/MiKTeX 2.9/fonts/type1/public/amsfonts/cm/cmr10.pfb><C:/Program Files (x86)/MiKTeX 2.9/fonts/type1/public/amsfonts/cm/
cmr8.pfb><C:/Program Files (x86)/MiKTeX 2.9/fonts/type1/public/amsfonts/cm/cmsy10.pfb><C:/Program Files (x86)/MiKTeX 2.9
/fonts/type1/public/amsfonts/cm/cmsy6.pfb><C:/Program Files (x86)/MiKTeX 2.9/fonts/type1/public/amsfonts/cm/cmsy8.pfb><C
:/Program Files (x86)/MiKTeX 2.9/fonts/type1/urw/times/utmb8a.pfb><C:/Program Files (x86)/MiKTeX 2.9/fonts/type1/urw/tim
es/utmbi8a.pfb><C:/Program Files (x86)/MiKTeX 2.9/fonts/type1/urw/times/utmr8a.pfb><C:/Program Files (x86)/MiKTeX 2.9/fo
nts/type1/urw/times/utmri8a.pfb>
Output written on tac2014.pdf (12 pages, 198684 bytes).
PDF statistics:
 94 PDF objects out of 1000 (max. 8388607)
 0 named destinations out of 1000 (max. 500000)
 1 words of extra memory for PDF output out of 10000 (max. 10000000)

