\BOOKMARK [1][-]{section.1}{Introduction}{}% 1
\BOOKMARK [1][-]{section.2}{Background}{}% 2
\BOOKMARK [1][-]{section.3}{Corpus Construction}{}% 3
\BOOKMARK [1][-]{section.4}{The CL-Summ Task}{}% 4
\BOOKMARK [1][-]{section.5}{Participating teams}{}% 5
\BOOKMARK [1][-]{section.6}{The clair\137umich System \204 Comparing Overlap of Word Synsets}{}% 6
\BOOKMARK [2][-]{subsection.6.1}{Data Preprocessing}{section.6}% 7
\BOOKMARK [2][-]{subsection.6.2}{Baseline System}{section.6}% 8
\BOOKMARK [2][-]{subsection.6.3}{Supervised System}{section.6}% 9
\BOOKMARK [1][-]{section.7}{The MQ System \204 Finding the Best Fit to a Citance}{}% 10
\BOOKMARK [2][-]{subsection.7.1}{Baseline \205 Using TF.IDF}{section.7}% 11
\BOOKMARK [2][-]{subsection.7.2}{Adding texts of the same topic}{section.7}% 12
\BOOKMARK [2][-]{subsection.7.3}{Adding context}{section.7}% 13
\BOOKMARK [2][-]{subsection.7.4}{Re-ranking using MMR}{section.7}% 14
\BOOKMARK [1][-]{section.8}{The Taln.UPF System}{}% 15
\BOOKMARK [2][-]{subsection.8.1}{Pre-processing / documents preparation:}{section.8}% 16
\BOOKMARK [2][-]{subsection.8.2}{Task 1A: Algorithm for identifying reference paper text spans for each citance}{section.8}% 17
\BOOKMARK [2][-]{subsection.8.3}{Task 1B: Algorithm for identifying the discourse facet of the cited text spans}{section.8}% 18
\BOOKMARK [1][-]{section.9}{Evaluation and Results}{}% 19
\BOOKMARK [2][-]{subsection.9.1}{Task 1A: For each citance, identify the spans of text \(cited text spans\) in the RP}{section.9}% 20
\BOOKMARK [2][-]{subsection.9.2}{Task 2: Generate a structured summary of the RP and all of the community discussion of the paper represented in the citances}{section.9}% 21
\BOOKMARK [1][-]{section.10}{Discussion}{}% 22
\BOOKMARK [2][-]{subsection.10.1}{Comparing the MQ System with the BioMedSumm task}{section.10}% 23
\BOOKMARK [2][-]{subsection.10.2}{Tweaking the Parameters \204 the clair\137umich Baseline}{section.10}% 24
\BOOKMARK [2][-]{subsection.10.3}{Error Analysis for the Participating Systems}{section.10}% 25
\BOOKMARK [1][-]{section.11}{Shortcomings and Limitations}{}% 26
\BOOKMARK [1][-]{section.12}{Conclusions}{}% 27
\BOOKMARK [1][-]{section.13}{Acknowledgements}{}% 28
